c:\users\chad\homeprojects\gitrepos\staticasylum\5003_task2a_cashpoint_skeleton_13-4\debug\5003_ass2_main.obj
c:\users\chad\homeprojects\gitrepos\staticasylum\5003_task2a_cashpoint_skeleton_13-4\debug\bankaccount.obj
c:\users\chad\homeprojects\gitrepos\staticasylum\5003_task2a_cashpoint_skeleton_13-4\debug\cashcard.obj
c:\users\chad\homeprojects\gitrepos\staticasylum\5003_task2a_cashpoint_skeleton_13-4\debug\childaccount.obj
c:\users\chad\homeprojects\gitrepos\staticasylum\5003_task2a_cashpoint_skeleton_13-4\debug\currentaccount.obj
c:\users\chad\homeprojects\gitrepos\staticasylum\5003_task2a_cashpoint_skeleton_13-4\debug\date.obj
c:\users\chad\homeprojects\gitrepos\staticasylum\5003_task2a_cashpoint_skeleton_13-4\debug\isaaccount.obj
c:\users\chad\homeprojects\gitrepos\staticasylum\5003_task2a_cashpoint_skeleton_13-4\debug\savingsaccount.obj
c:\users\chad\homeprojects\gitrepos\staticasylum\5003_task2a_cashpoint_skeleton_13-4\debug\time.obj
c:\users\chad\homeprojects\gitrepos\staticasylum\5003_task2a_cashpoint_skeleton_13-4\debug\transaction.obj
c:\users\chad\homeprojects\gitrepos\staticasylum\5003_task2a_cashpoint_skeleton_13-4\debug\transactionlist.obj
c:\users\chad\homeprojects\gitrepos\staticasylum\5003_task2a_cashpoint_skeleton_13-4\debug\userinterface.obj
c:\users\chad\homeprojects\gitrepos\staticasylum\5003_task2a_cashpoint_skeleton_13-4\debug\vc110.pdb
c:\users\chad\homeprojects\gitrepos\staticasylum\5003_task2a_cashpoint_skeleton_13-4\debug\cashpoint.obj
c:\users\chad\homeprojects\gitrepos\staticasylum\5003_task2a_cashpoint_skeleton_13-4\debug\5003_task2a_cashpoint_skeleton.ilk
c:\users\chad\homeprojects\gitrepos\staticasylum\5003_task2a_cashpoint_skeleton_13-4\debug\5003_task2a_cashpoint_skeleton.exe
c:\users\chad\homeprojects\gitrepos\staticasylum\5003_task2a_cashpoint_skeleton_13-4\debug\5003_task2a_cashpoint_skeleton.pdb
c:\users\chad\homeprojects\gitrepos\staticasylum\5003_task2a_cashpoint_skeleton_13-4\debug\cl.command.1.tlog
c:\users\chad\homeprojects\gitrepos\staticasylum\5003_task2a_cashpoint_skeleton_13-4\debug\cl.read.1.tlog
c:\users\chad\homeprojects\gitrepos\staticasylum\5003_task2a_cashpoint_skeleton_13-4\debug\cl.write.1.tlog
c:\users\chad\homeprojects\gitrepos\staticasylum\5003_task2a_cashpoint_skeleton_13-4\debug\link-cvtres.read.1.tlog
c:\users\chad\homeprojects\gitrepos\staticasylum\5003_task2a_cashpoint_skeleton_13-4\debug\link-cvtres.write.1.tlog
c:\users\chad\homeprojects\gitrepos\staticasylum\5003_task2a_cashpoint_skeleton_13-4\debug\link-rc.read.1.tlog
c:\users\chad\homeprojects\gitrepos\staticasylum\5003_task2a_cashpoint_skeleton_13-4\debug\link-rc.write.1.tlog
c:\users\chad\homeprojects\gitrepos\staticasylum\5003_task2a_cashpoint_skeleton_13-4\debug\link.command.1.tlog
c:\users\chad\homeprojects\gitrepos\staticasylum\5003_task2a_cashpoint_skeleton_13-4\debug\link.read.1.tlog
c:\users\chad\homeprojects\gitrepos\staticasylum\5003_task2a_cashpoint_skeleton_13-4\debug\link.write.1.tlog
c:\users\chad\homeprojects\gitrepos\staticasylum\5003_task2a_cashpoint_skeleton_13-4\debug\vc110.idb
